<?xml version="1.0" encoding="UTF-8"?>
<!-- Generated by org.testng.reporters.JUnitReportReporter -->
<testsuite skipped="0" hostname="bdc6-dx-5DVHXH2" name="TestDatabaseUpdate" tests="1" failures="0" timestamp="27 Sep 2018 11:04:49 GMT" time="0.672" errors="0">
  <testcase name="dbConncetionUpdate" time="0.672" classname="TestDatabaseUpdate"/>
</testsuite> <!-- TestDatabaseUpdate -->
