<?xml version="1.0" encoding="UTF-8"?>
<!-- Generated by org.testng.reporters.JUnitReportReporter -->
<testsuite skipped="0" hostname="bdc6-dx-5DVHXH2" name="TestDatabase" tests="1" failures="0" timestamp="27 Sep 2018 08:19:02 GMT" time="0.765" errors="0">
  <testcase name="dbConncetion" time="0.765" classname="TestDatabase"/>
</testsuite> <!-- TestDatabase -->
