<?xml version="1.0" encoding="UTF-8"?>
<!-- Generated by org.testng.reporters.JUnitReportReporter -->
<testsuite skipped="0" hostname="bdc6-dx-5DVHXH2" name="AllInOne" tests="1" failures="0" timestamp="27 Sep 2018 13:11:06 GMT" time="0.671" errors="0">
  <testcase name="e2e" time="0.671" classname="AllInOne"/>
</testsuite> <!-- AllInOne -->
