<?xml version="1.0" encoding="UTF-8"?>
<!-- Generated by org.testng.reporters.JUnitReportReporter -->
<testsuite skipped="0" hostname="bdc6-dx-5DVHXH2" name="TestDatabase" tests="1" failures="0" timestamp="27 Sep 2018 11:18:11 GMT" time="0.665" errors="0">
  <testcase name="dbConncetion" time="0.665" classname="TestDatabase"/>
</testsuite> <!-- TestDatabase -->
