<?xml version="1.0" encoding="UTF-8"?>
<!-- Generated by org.testng.reporters.JUnitReportReporter -->
<testsuite skipped="0" hostname="bdc6-dx-5DVHXH2" name="TestDatabaseCreate" tests="1" failures="0" timestamp="27 Sep 2018 11:17:59 GMT" time="0.780" errors="0">
  <testcase name="dbConncetionUpdate" time="0.780" classname="TestDatabaseCreate"/>
</testsuite> <!-- TestDatabaseCreate -->
